2026-03-18T14:08:00.774Z | add | .assetsignore
2026-03-18T14:08:00.774Z | add | 404.html
2026-03-18T14:08:00.774Z | add | LICENSE.txt
2026-03-18T14:08:00.774Z | add | README.md
2026-03-18T14:08:00.774Z | add | _headers
2026-03-18T14:08:00.774Z | add | _redirects
2026-03-18T14:08:00.774Z | add | _worker.js
2026-03-18T14:08:00.774Z | add | admin-area.html
2026-03-18T14:08:00.774Z | add | admin-orders.html
2026-03-18T14:08:00.774Z | add | akses.html
2026-03-18T14:08:00.774Z | add | appscript.js
2026-03-18T14:08:00.774Z | add | bio.html
2026-03-18T14:08:00.774Z | add | checkout.html
2026-03-18T14:08:00.774Z | add | config.js
2026-03-18T14:08:00.774Z | add | dashboard.html
2026-03-18T14:08:00.774Z | add | index.html
2026-03-18T14:08:00.774Z | add | login.html
2026-03-18T14:08:00.774Z | add | manifest.json
2026-03-18T14:08:00.774Z | add | p.html
2026-03-18T14:08:00.774Z | add | package.json
2026-03-18T14:08:00.774Z | add | setup.js
2026-03-18T14:08:00.774Z | add | site.config.js
2026-03-18T14:08:00.774Z | add | tailwind.css
2026-03-18T14:08:00.774Z | add | validate-config.js
2026-03-18T14:08:00.774Z | add | wrangler.jsonc
2026-03-18T14:08:00.774Z | delete | .githooks/pre-commit
2026-03-18T14:08:00.774Z | delete | .githooks/pre-commit.ps1
2026-03-18T14:08:00.774Z | delete | google_sheets.xlsx
2026-03-18T14:08:00.774Z | delete | response_body.bin
2026-03-18T14:08:00.774Z | delete | response_headers.txt
2026-03-18T14:08:00.774Z | delete | response_headers_nocache.txt
2026-03-18T14:08:00.774Z | delete | scripts/audit-placeholders.js
2026-03-18T14:08:00.774Z | delete | scripts/placeholder-policy.js
2026-03-18T14:08:00.774Z | delete | tests/placeholder-config.test.js
2026-03-18T14:08:00.774Z | delete | tmp_setup_verify_7e3f4d04/.assetsignore
2026-03-18T14:08:00.774Z | delete | tmp_setup_verify_7e3f4d04/.githooks/pre-commit
2026-03-18T14:08:00.774Z | delete | tmp_setup_verify_7e3f4d04/.githooks/pre-commit.ps1
2026-03-18T14:08:00.774Z | delete | tmp_setup_verify_7e3f4d04/.setup-backups/20260318-205752/_worker.js
2026-03-18T14:08:00.774Z | delete | tmp_setup_verify_7e3f4d04/.setup-backups/20260318-205752/config.js
2026-03-18T14:08:00.774Z | delete | tmp_setup_verify_7e3f4d04/.setup-backups/20260318-205752/site.config.js
2026-03-18T14:08:00.774Z | delete | tmp_setup_verify_7e3f4d04/.setup-backups/20260318-205752/wrangler.jsonc
2026-03-18T14:08:00.774Z | delete | tmp_setup_verify_7e3f4d04/404.html
2026-03-18T14:08:00.774Z | delete | tmp_setup_verify_7e3f4d04/LICENSE.txt
2026-03-18T14:08:00.774Z | delete | tmp_setup_verify_7e3f4d04/README.md
2026-03-18T14:08:00.774Z | delete | tmp_setup_verify_7e3f4d04/_headers
2026-03-18T14:08:00.774Z | delete | tmp_setup_verify_7e3f4d04/_redirects
2026-03-18T14:08:00.774Z | delete | tmp_setup_verify_7e3f4d04/_worker.js
2026-03-18T14:08:00.774Z | delete | tmp_setup_verify_7e3f4d04/admin-area.html
2026-03-18T14:08:00.774Z | delete | tmp_setup_verify_7e3f4d04/admin-orders.html
2026-03-18T14:08:00.774Z | delete | tmp_setup_verify_7e3f4d04/akses.html
2026-03-18T14:08:00.774Z | delete | tmp_setup_verify_7e3f4d04/appscript.js
2026-03-18T14:08:00.774Z | delete | tmp_setup_verify_7e3f4d04/bio.html
2026-03-18T14:08:00.774Z | delete | tmp_setup_verify_7e3f4d04/checkout.html
2026-03-18T14:08:00.774Z | delete | tmp_setup_verify_7e3f4d04/config.js
2026-03-18T14:08:00.774Z | delete | tmp_setup_verify_7e3f4d04/dashboard.html
2026-03-18T14:08:00.774Z | delete | tmp_setup_verify_7e3f4d04/index.html
2026-03-18T14:08:00.774Z | delete | tmp_setup_verify_7e3f4d04/login.html
2026-03-18T14:08:00.774Z | delete | tmp_setup_verify_7e3f4d04/manifest.json
2026-03-18T14:08:00.774Z | delete | tmp_setup_verify_7e3f4d04/p.html
2026-03-18T14:08:00.774Z | delete | tmp_setup_verify_7e3f4d04/package.json
2026-03-18T14:08:00.774Z | delete | tmp_setup_verify_7e3f4d04/response_body.bin
2026-03-18T14:08:00.774Z | delete | tmp_setup_verify_7e3f4d04/response_headers.txt
2026-03-18T14:08:00.774Z | delete | tmp_setup_verify_7e3f4d04/response_headers_nocache.txt
2026-03-18T14:08:00.774Z | delete | tmp_setup_verify_7e3f4d04/scripts/audit-placeholders.js
2026-03-18T14:08:00.774Z | delete | tmp_setup_verify_7e3f4d04/scripts/placeholder-policy.js
2026-03-18T14:08:00.774Z | delete | tmp_setup_verify_7e3f4d04/setup.js
2026-03-18T14:08:00.774Z | delete | tmp_setup_verify_7e3f4d04/site.config.js
2026-03-18T14:08:00.774Z | delete | tmp_setup_verify_7e3f4d04/tailwind.css
2026-03-18T14:08:00.774Z | delete | tmp_setup_verify_7e3f4d04/tests/placeholder-config.test.js
2026-03-18T14:08:00.774Z | delete | tmp_setup_verify_7e3f4d04/validate-config.js
2026-03-18T14:08:00.774Z | delete | tmp_setup_verify_7e3f4d04/wrangler.jsonc
2026-03-18T14:08:00.774Z | delete | tmp_setup_verify_9ff6ef37/.assetsignore
2026-03-18T14:08:00.774Z | delete | tmp_setup_verify_9ff6ef37/.githooks/pre-commit
2026-03-18T14:08:00.774Z | delete | tmp_setup_verify_9ff6ef37/.githooks/pre-commit.ps1
2026-03-18T14:08:00.774Z | delete | tmp_setup_verify_9ff6ef37/.setup-backups/20260318-205531/_worker.js
2026-03-18T14:08:00.774Z | delete | tmp_setup_verify_9ff6ef37/.setup-backups/20260318-205531/config.js
2026-03-18T14:08:00.774Z | delete | tmp_setup_verify_9ff6ef37/.setup-backups/20260318-205531/scripts/placeholder-policy.js
2026-03-18T14:08:00.774Z | delete | tmp_setup_verify_9ff6ef37/.setup-backups/20260318-205531/site.config.js
2026-03-18T14:08:00.774Z | delete | tmp_setup_verify_9ff6ef37/.setup-backups/20260318-205531/wrangler.jsonc
2026-03-18T14:08:00.774Z | delete | tmp_setup_verify_9ff6ef37/404.html
2026-03-18T14:08:00.774Z | delete | tmp_setup_verify_9ff6ef37/LICENSE.txt
2026-03-18T14:08:00.774Z | delete | tmp_setup_verify_9ff6ef37/README.md
2026-03-18T14:08:00.774Z | delete | tmp_setup_verify_9ff6ef37/_headers
2026-03-18T14:08:00.774Z | delete | tmp_setup_verify_9ff6ef37/_redirects
2026-03-18T14:08:00.774Z | delete | tmp_setup_verify_9ff6ef37/_worker.js
2026-03-18T14:08:00.774Z | delete | tmp_setup_verify_9ff6ef37/admin-area.html
2026-03-18T14:08:00.774Z | delete | tmp_setup_verify_9ff6ef37/admin-orders.html
2026-03-18T14:08:00.774Z | delete | tmp_setup_verify_9ff6ef37/akses.html
2026-03-18T14:08:00.774Z | delete | tmp_setup_verify_9ff6ef37/appscript.js
2026-03-18T14:08:00.774Z | delete | tmp_setup_verify_9ff6ef37/bio.html
2026-03-18T14:08:00.774Z | delete | tmp_setup_verify_9ff6ef37/checkout.html
2026-03-18T14:08:00.774Z | delete | tmp_setup_verify_9ff6ef37/config.js
2026-03-18T14:08:00.774Z | delete | tmp_setup_verify_9ff6ef37/dashboard.html
2026-03-18T14:08:00.774Z | delete | tmp_setup_verify_9ff6ef37/index.html
2026-03-18T14:08:00.774Z | delete | tmp_setup_verify_9ff6ef37/login.html
2026-03-18T14:08:00.774Z | delete | tmp_setup_verify_9ff6ef37/manifest.json
2026-03-18T14:08:00.774Z | delete | tmp_setup_verify_9ff6ef37/p.html
2026-03-18T14:08:00.774Z | delete | tmp_setup_verify_9ff6ef37/package.json
2026-03-18T14:08:00.774Z | delete | tmp_setup_verify_9ff6ef37/response_body.bin
2026-03-18T14:08:00.774Z | delete | tmp_setup_verify_9ff6ef37/response_headers.txt
2026-03-18T14:08:00.774Z | delete | tmp_setup_verify_9ff6ef37/response_headers_nocache.txt
2026-03-18T14:08:00.774Z | delete | tmp_setup_verify_9ff6ef37/scripts/audit-placeholders.js
2026-03-18T14:08:00.774Z | delete | tmp_setup_verify_9ff6ef37/scripts/placeholder-policy.js
2026-03-18T14:08:00.774Z | delete | tmp_setup_verify_9ff6ef37/setup.js
2026-03-18T14:08:00.774Z | delete | tmp_setup_verify_9ff6ef37/site.config.js
2026-03-18T14:08:00.774Z | delete | tmp_setup_verify_9ff6ef37/tailwind.css
2026-03-18T14:08:00.774Z | delete | tmp_setup_verify_9ff6ef37/tests/placeholder-config.test.js
2026-03-18T14:08:00.774Z | delete | tmp_setup_verify_9ff6ef37/validate-config.js
2026-03-18T14:08:00.774Z | delete | tmp_setup_verify_9ff6ef37/wrangler.jsonc
2026-03-18T14:08:00.774Z | delete | tmp_setup_verify_eaf4056e/.assetsignore
2026-03-18T14:08:00.774Z | delete | tmp_setup_verify_eaf4056e/.githooks/pre-commit
2026-03-18T14:08:00.774Z | delete | tmp_setup_verify_eaf4056e/.githooks/pre-commit.ps1
2026-03-18T14:08:00.774Z | delete | tmp_setup_verify_eaf4056e/.setup-backups/20260318-205646/_worker.js
2026-03-18T14:08:00.774Z | delete | tmp_setup_verify_eaf4056e/.setup-backups/20260318-205646/config.js
2026-03-18T14:08:00.774Z | delete | tmp_setup_verify_eaf4056e/.setup-backups/20260318-205646/site.config.js
2026-03-18T14:08:00.774Z | delete | tmp_setup_verify_eaf4056e/.setup-backups/20260318-205646/wrangler.jsonc
2026-03-18T14:08:00.774Z | delete | tmp_setup_verify_eaf4056e/404.html
2026-03-18T14:08:00.774Z | delete | tmp_setup_verify_eaf4056e/LICENSE.txt
2026-03-18T14:08:00.774Z | delete | tmp_setup_verify_eaf4056e/README.md
2026-03-18T14:08:00.774Z | delete | tmp_setup_verify_eaf4056e/_headers
2026-03-18T14:08:00.774Z | delete | tmp_setup_verify_eaf4056e/_redirects
2026-03-18T14:08:00.774Z | delete | tmp_setup_verify_eaf4056e/_worker.js
2026-03-18T14:08:00.774Z | delete | tmp_setup_verify_eaf4056e/admin-area.html
2026-03-18T14:08:00.774Z | delete | tmp_setup_verify_eaf4056e/admin-orders.html
2026-03-18T14:08:00.774Z | delete | tmp_setup_verify_eaf4056e/akses.html
2026-03-18T14:08:00.774Z | delete | tmp_setup_verify_eaf4056e/appscript.js
2026-03-18T14:08:00.774Z | delete | tmp_setup_verify_eaf4056e/bio.html
2026-03-18T14:08:00.774Z | delete | tmp_setup_verify_eaf4056e/checkout.html
2026-03-18T14:08:00.774Z | delete | tmp_setup_verify_eaf4056e/config.js
2026-03-18T14:08:00.774Z | delete | tmp_setup_verify_eaf4056e/dashboard.html
2026-03-18T14:08:00.774Z | delete | tmp_setup_verify_eaf4056e/index.html
2026-03-18T14:08:00.774Z | delete | tmp_setup_verify_eaf4056e/login.html
2026-03-18T14:08:00.774Z | delete | tmp_setup_verify_eaf4056e/manifest.json
2026-03-18T14:08:00.774Z | delete | tmp_setup_verify_eaf4056e/p.html
2026-03-18T14:08:00.774Z | delete | tmp_setup_verify_eaf4056e/package.json
2026-03-18T14:08:00.774Z | delete | tmp_setup_verify_eaf4056e/response_body.bin
2026-03-18T14:08:00.774Z | delete | tmp_setup_verify_eaf4056e/response_headers.txt
2026-03-18T14:08:00.774Z | delete | tmp_setup_verify_eaf4056e/response_headers_nocache.txt
2026-03-18T14:08:00.774Z | delete | tmp_setup_verify_eaf4056e/scripts/audit-placeholders.js
2026-03-18T14:08:00.774Z | delete | tmp_setup_verify_eaf4056e/scripts/placeholder-policy.js
2026-03-18T14:08:00.774Z | delete | tmp_setup_verify_eaf4056e/setup.js
2026-03-18T14:08:00.774Z | delete | tmp_setup_verify_eaf4056e/site.config.js
2026-03-18T14:08:00.774Z | delete | tmp_setup_verify_eaf4056e/tailwind.css
2026-03-18T14:08:00.774Z | delete | tmp_setup_verify_eaf4056e/tests/placeholder-config.test.js
2026-03-18T14:08:00.774Z | delete | tmp_setup_verify_eaf4056e/validate-config.js
2026-03-18T14:08:00.774Z | delete | tmp_setup_verify_eaf4056e/wrangler.jsonc
2026-03-18T14:08:30.112Z | add | sync-installer-smoke.txt
2026-03-18T14:08:39.521Z | modify | sync-installer-smoke.txt
2026-03-18T14:08:48.053Z | delete | sync-installer-smoke.txt
2026-03-18T14:37:31.770Z | modify | README.md
2026-03-18T14:37:31.770Z | modify | admin-area.html
2026-03-18T14:37:31.770Z | modify | appscript.js
2026-03-18T14:37:31.770Z | modify | package.json
2026-03-18T14:39:37.050Z | add | scripts/sync-installer.js
2026-03-18T14:50:43.195Z | modify | README.md
2026-03-18T14:50:43.195Z | modify | admin-area.html
2026-03-18T14:50:43.195Z | modify | appscript.js
2026-03-18T14:51:42.848Z | modify | admin-area.html
2026-03-18T15:27:13.161Z | modify | README.md
2026-03-18T15:27:13.161Z | modify | admin-area.html
2026-03-18T15:27:13.161Z | modify | appscript.js
2026-03-18T15:27:32.534Z | modify | admin-area.html
2026-03-18T15:54:42.854Z | modify | 404.html
2026-03-18T15:54:42.854Z | add | AUDIT_CLOUDFLARE_WORKERS.md
2026-03-18T15:54:42.854Z | modify | README.md
2026-03-18T15:54:42.854Z | modify | _headers
2026-03-18T15:54:42.854Z | modify | _worker.js
2026-03-18T15:54:42.854Z | modify | admin-area.html
2026-03-18T15:54:42.854Z | modify | akses.html
2026-03-18T15:54:42.854Z | modify | appscript.js
2026-03-18T15:54:42.854Z | modify | bio.html
2026-03-18T15:54:42.854Z | modify | checkout.html
2026-03-18T15:54:42.854Z | modify | config.js
2026-03-18T15:54:42.854Z | modify | dashboard.html
2026-03-18T15:54:42.854Z | modify | index.html
2026-03-18T15:54:42.854Z | modify | login.html
2026-03-18T15:54:42.854Z | modify | p.html
2026-03-18T15:54:42.854Z | modify | package.json
2026-03-18T15:54:42.854Z | add | worker-budget-audit.js
2026-03-18T15:56:17.196Z | modify | AUDIT_CLOUDFLARE_WORKERS.md
2026-03-18T18:11:44.853Z | modify | README.md
2026-03-18T18:11:44.853Z | modify | _worker.js
2026-03-18T18:11:44.853Z | modify | admin-area.html
2026-03-18T18:11:44.853Z | modify | appscript.js
2026-03-18T18:13:10.641Z | modify | admin-area.html
2026-03-18T18:13:10.641Z | modify | appscript.js
2026-03-18T18:28:14.037Z | modify | README.md
2026-03-18T18:28:14.037Z | modify | _worker.js
2026-03-18T18:28:14.037Z | modify | admin-area.html
2026-03-18T18:28:14.037Z | modify | appscript.js
2026-03-18T18:34:10.789Z | modify | README.md
2026-03-18T18:34:10.789Z | modify | appscript.js
2026-03-18T18:51:40.730Z | modify | README.md
2026-03-18T18:51:40.730Z | modify | _worker.js
2026-03-18T18:51:40.730Z | modify | appscript.js
2026-03-18T18:51:40.730Z | modify | wrangler.jsonc
2026-03-18T20:09:58.026Z | modify | 404.html
2026-03-18T20:09:58.026Z | modify | AUDIT_CLOUDFLARE_WORKERS.md
2026-03-18T20:09:58.026Z | modify | README.md
2026-03-18T20:09:58.026Z | modify | _worker.js
2026-03-18T20:09:58.026Z | modify | admin-area.html
2026-03-18T20:09:58.026Z | modify | admin-orders.html
2026-03-18T20:09:58.026Z | modify | appscript.js
2026-03-18T20:09:58.026Z | modify | config.js
2026-03-18T20:09:58.026Z | modify | dashboard.html
2026-03-18T20:09:58.026Z | modify | manifest.json
2026-03-18T20:09:58.026Z | modify | worker-budget-audit.js
2026-03-18T20:09:58.026Z | modify | wrangler.jsonc
2026-03-18T20:09:58.026Z | delete | bio.html
2026-03-18T20:15:38.483Z | modify | index.html
